  [1m[35m (1.1ms)[0m  [1m[35mCREATE TABLE "schema_migrations" ("version" varchar NOT NULL PRIMARY KEY)[0m
  [1m[35m (0.8ms)[0m  [1m[35mCREATE TABLE "ar_internal_metadata" ("key" varchar NOT NULL PRIMARY KEY, "value" varchar, "created_at" datetime NOT NULL, "updated_at" datetime NOT NULL)[0m
  [1m[36mActiveRecord::SchemaMigration Load (0.1ms)[0m  [1m[34mSELECT "schema_migrations".* FROM "schema_migrations"[0m
Migrating to DeviseCreateUsers (20170204214411)
  [1m[35m (0.1ms)[0m  [1m[36mbegin transaction[0m
  [1m[35m (0.4ms)[0m  [1m[35mCREATE TABLE "users" ("id" INTEGER PRIMARY KEY AUTOINCREMENT NOT NULL, "email" varchar DEFAULT '' NOT NULL, "encrypted_password" varchar DEFAULT '' NOT NULL, "reset_password_token" varchar, "reset_password_sent_at" datetime, "remember_created_at" datetime, "sign_in_count" integer DEFAULT 0 NOT NULL, "current_sign_in_at" datetime, "last_sign_in_at" datetime, "current_sign_in_ip" varchar, "last_sign_in_ip" varchar, "created_at" datetime NOT NULL, "updated_at" datetime NOT NULL)[0m
  [1m[35m (0.4ms)[0m  [1m[34mselect sqlite_version(*)[0m
  [1m[35m (0.1ms)[0m  [1m[35mCREATE UNIQUE INDEX "index_users_on_email" ON "users" ("email")[0m
  [1m[35m (0.1ms)[0m  [1m[34m            SELECT sql
            FROM sqlite_master
            WHERE name='index_users_on_email' AND type='index'
            UNION ALL
            SELECT sql
            FROM sqlite_temp_master
            WHERE name='index_users_on_email' AND type='index'
[0m
  [1m[35m (0.1ms)[0m  [1m[35mCREATE UNIQUE INDEX "index_users_on_reset_password_token" ON "users" ("reset_password_token")[0m
  [1m[35mSQL (0.1ms)[0m  [1m[32mINSERT INTO "schema_migrations" ("version") VALUES (?)[0m  [["version", "20170204214411"]]
  [1m[35m (0.6ms)[0m  [1m[36mcommit transaction[0m
  [1m[36mActiveRecord::InternalMetadata Load (0.1ms)[0m  [1m[34mSELECT  "ar_internal_metadata".* FROM "ar_internal_metadata" WHERE "ar_internal_metadata"."key" = ? LIMIT ?[0m  [["key", :environment], ["LIMIT", 1]]
  [1m[35m (0.0ms)[0m  [1m[36mbegin transaction[0m
  [1m[35mSQL (0.3ms)[0m  [1m[32mINSERT INTO "ar_internal_metadata" ("key", "value", "created_at", "updated_at") VALUES (?, ?, ?, ?)[0m  [["key", "environment"], ["value", "development"], ["created_at", 2017-02-04 22:00:17 UTC], ["updated_at", 2017-02-04 22:00:17 UTC]]
  [1m[35m (0.6ms)[0m  [1m[36mcommit transaction[0m
  [1m[36mActiveRecord::SchemaMigration Load (0.1ms)[0m  [1m[34mSELECT "schema_migrations".* FROM "schema_migrations"[0m
  [1m[35m (0.1ms)[0m  [1m[34m            SELECT sql
            FROM sqlite_master
            WHERE name='index_users_on_reset_password_token' AND type='index'
            UNION ALL
            SELECT sql
            FROM sqlite_temp_master
            WHERE name='index_users_on_reset_password_token' AND type='index'
[0m
  [1m[35m (0.1ms)[0m  [1m[34m            SELECT sql
            FROM sqlite_master
            WHERE name='index_users_on_email' AND type='index'
            UNION ALL
            SELECT sql
            FROM sqlite_temp_master
            WHERE name='index_users_on_email' AND type='index'
[0m
Started GET "/" for 127.0.0.1 at 2017-02-04 14:00:41 -0800
  [1m[36mActiveRecord::SchemaMigration Load (0.2ms)[0m  [1m[34mSELECT "schema_migrations".* FROM "schema_migrations"[0m
Processing by Rails::WelcomeController#index as HTML
  Parameters: {"internal"=>true}
  Rendering /Users/elisecassella/.rvm/gems/ruby-2.4.0@global/gems/railties-5.0.1/lib/rails/templates/rails/welcome/index.html.erb
  Rendered /Users/elisecassella/.rvm/gems/ruby-2.4.0@global/gems/railties-5.0.1/lib/rails/templates/rails/welcome/index.html.erb (3.4ms)
Completed 200 OK in 21ms (Views: 8.4ms | ActiveRecord: 0.0ms)


Started GET "/users/sign_in" for 127.0.0.1 at 2017-02-04 14:01:36 -0800
Processing by Devise::SessionsController#new as HTML
  Rendering /Users/elisecassella/.rvm/gems/ruby-2.4.0/gems/devise-4.2.0/app/views/devise/sessions/new.html.erb within layouts/application
  Rendered /Users/elisecassella/.rvm/gems/ruby-2.4.0/gems/devise-4.2.0/app/views/devise/shared/_links.html.erb (1.1ms)
  Rendered /Users/elisecassella/.rvm/gems/ruby-2.4.0/gems/devise-4.2.0/app/views/devise/sessions/new.html.erb within layouts/application (30.5ms)
Completed 200 OK in 410ms (Views: 394.2ms | ActiveRecord: 0.8ms)


Started GET "/" for 127.0.0.1 at 2017-02-06 16:27:13 -0800
  [1m[36mActiveRecord::SchemaMigration Load (0.2ms)[0m  [1m[34mSELECT "schema_migrations".* FROM "schema_migrations"[0m
Processing by Rails::WelcomeController#index as HTML
  Parameters: {"internal"=>true}
  Rendering /Users/elisecassella/.rvm/gems/ruby-2.4.0@global/gems/railties-5.0.1/lib/rails/templates/rails/welcome/index.html.erb
  Rendered /Users/elisecassella/.rvm/gems/ruby-2.4.0@global/gems/railties-5.0.1/lib/rails/templates/rails/welcome/index.html.erb (3.9ms)
Completed 200 OK in 23ms (Views: 9.7ms | ActiveRecord: 0.0ms)


  [1m[36mActiveRecord::SchemaMigration Load (0.1ms)[0m  [1m[34mSELECT "schema_migrations".* FROM "schema_migrations"[0m
Migrating to CreatePosts (20170207002837)
  [1m[35m (0.1ms)[0m  [1m[36mbegin transaction[0m
  [1m[35m (1.6ms)[0m  [1m[35mCREATE TABLE "posts" ("id" INTEGER PRIMARY KEY AUTOINCREMENT NOT NULL, "description" text, "created_at" datetime NOT NULL, "updated_at" datetime NOT NULL)[0m
  [1m[35mSQL (0.2ms)[0m  [1m[32mINSERT INTO "schema_migrations" ("version") VALUES (?)[0m  [["version", "20170207002837"]]
  [1m[35m (0.7ms)[0m  [1m[36mcommit transaction[0m
  [1m[36mActiveRecord::InternalMetadata Load (0.3ms)[0m  [1m[34mSELECT  "ar_internal_metadata".* FROM "ar_internal_metadata" WHERE "ar_internal_metadata"."key" = ? LIMIT ?[0m  [["key", :environment], ["LIMIT", 1]]
  [1m[35m (0.0ms)[0m  [1m[36mbegin transaction[0m
  [1m[35m (0.0ms)[0m  [1m[36mcommit transaction[0m
  [1m[36mActiveRecord::SchemaMigration Load (0.1ms)[0m  [1m[34mSELECT "schema_migrations".* FROM "schema_migrations"[0m
  [1m[35m (0.1ms)[0m  [1m[34m            SELECT sql
            FROM sqlite_master
            WHERE name='index_users_on_reset_password_token' AND type='index'
            UNION ALL
            SELECT sql
            FROM sqlite_temp_master
            WHERE name='index_users_on_reset_password_token' AND type='index'
[0m
  [1m[35m (0.1ms)[0m  [1m[34m            SELECT sql
            FROM sqlite_master
            WHERE name='index_users_on_email' AND type='index'
            UNION ALL
            SELECT sql
            FROM sqlite_temp_master
            WHERE name='index_users_on_email' AND type='index'
[0m
Started GET "/" for 127.0.0.1 at 2017-02-06 17:07:10 -0800
  [1m[36mActiveRecord::SchemaMigration Load (0.1ms)[0m  [1m[34mSELECT "schema_migrations".* FROM "schema_migrations"[0m
Processing by PostsController#index as HTML
  Rendering posts/index.html.erb within layouts/application
  Rendered posts/index.html.erb within layouts/application (1.8ms)
Completed 200 OK in 3391ms (Views: 3378.7ms | ActiveRecord: 0.0ms)


Started GET "/" for 127.0.0.1 at 2017-02-06 17:12:01 -0800
  [1m[36mActiveRecord::SchemaMigration Load (0.1ms)[0m  [1m[34mSELECT "schema_migrations".* FROM "schema_migrations"[0m
Processing by PostsController#index as HTML
  Rendering posts/index.html.erb within layouts/application
  Rendered posts/index.html.erb within layouts/application (1.4ms)
Completed 200 OK in 288ms (Views: 276.8ms | ActiveRecord: 0.0ms)


Started GET "/" for 127.0.0.1 at 2017-02-06 17:22:44 -0800
  [1m[36mActiveRecord::SchemaMigration Load (0.1ms)[0m  [1m[34mSELECT "schema_migrations".* FROM "schema_migrations"[0m
Processing by PostsController#index as HTML
  Rendering posts/index.html.erb within layouts/application
  Rendered posts/index.html.erb within layouts/application (1.1ms)
Completed 200 OK in 304ms (Views: 293.3ms | ActiveRecord: 0.0ms)


Started GET "/" for 127.0.0.1 at 2017-02-06 17:26:01 -0800
Processing by PostsController#index as HTML
  Rendering posts/index.html.erb within layouts/application
  Rendered posts/index.html.erb within layouts/application (0.5ms)
Completed 200 OK in 40ms (Views: 38.8ms | ActiveRecord: 0.0ms)


Started GET "/" for 127.0.0.1 at 2017-02-06 17:26:10 -0800
Processing by PostsController#index as HTML
  Rendering posts/index.html.erb within layouts/application
  Rendered posts/index.html.erb within layouts/application (0.3ms)
Completed 200 OK in 52ms (Views: 51.0ms | ActiveRecord: 0.0ms)


Started GET "/" for 127.0.0.1 at 2017-02-06 17:26:27 -0800
  [1m[36mActiveRecord::SchemaMigration Load (0.1ms)[0m  [1m[34mSELECT "schema_migrations".* FROM "schema_migrations"[0m
Processing by PostsController#index as HTML
  Rendering posts/index.html.erb within layouts/application
  Rendered posts/index.html.erb within layouts/application (1.1ms)
Completed 200 OK in 303ms (Views: 291.7ms | ActiveRecord: 0.0ms)


Started GET "/" for 127.0.0.1 at 2017-02-06 17:26:31 -0800
Processing by PostsController#index as HTML
  Rendering posts/index.html.erb within layouts/application
  Rendered posts/index.html.erb within layouts/application (0.4ms)
Completed 200 OK in 55ms (Views: 53.2ms | ActiveRecord: 0.0ms)


Started GET "/" for 127.0.0.1 at 2017-02-06 17:28:32 -0800
Processing by PostsController#index as HTML
  Rendering posts/index.html.erb within layouts/application
  Rendered posts/index.html.erb within layouts/application (0.4ms)
Completed 200 OK in 41ms (Views: 38.7ms | ActiveRecord: 0.0ms)


Started GET "/" for 127.0.0.1 at 2017-02-06 17:29:58 -0800
Processing by PostsController#index as HTML
  Rendering posts/index.html.erb within layouts/application
  Rendered posts/index.html.erb within layouts/application (0.9ms)
Completed 200 OK in 42ms (Views: 40.3ms | ActiveRecord: 0.0ms)


Started GET "/" for 127.0.0.1 at 2017-02-06 17:30:31 -0800
Processing by PostsController#index as HTML
  Rendering posts/index.html.erb within layouts/application
  Rendered posts/index.html.erb within layouts/application (0.3ms)
Completed 200 OK in 47ms (Views: 45.1ms | ActiveRecord: 0.0ms)


Started GET "/" for 127.0.0.1 at 2017-02-06 17:34:50 -0800
  [1m[36mActiveRecord::SchemaMigration Load (0.1ms)[0m  [1m[34mSELECT "schema_migrations".* FROM "schema_migrations"[0m
Processing by PostsController#index as HTML
  Rendering posts/index.html.erb within layouts/application
  Rendered posts/index.html.erb within layouts/application (1.5ms)
Completed 200 OK in 297ms (Views: 286.1ms | ActiveRecord: 0.0ms)


Started GET "/posts/new" for 127.0.0.1 at 2017-02-06 17:35:11 -0800
Processing by PostsController#new as HTML
  Rendering posts/new.html.erb within layouts/application
  Rendered posts/new.html.erb within layouts/application (1.3ms)
Completed 200 OK in 48ms (Views: 44.5ms | ActiveRecord: 0.0ms)


Started GET "/" for 127.0.0.1 at 2017-02-06 17:35:13 -0800
Processing by PostsController#index as HTML
  Rendering posts/index.html.erb within layouts/application
  Rendered posts/index.html.erb within layouts/application (0.7ms)
Completed 200 OK in 71ms (Views: 65.9ms | ActiveRecord: 0.0ms)


Started GET "/" for 127.0.0.1 at 2017-02-06 17:35:44 -0800
Processing by PostsController#index as HTML
  Rendering posts/index.html.erb within layouts/application
  Rendered posts/index.html.erb within layouts/application (0.3ms)
Completed 200 OK in 43ms (Views: 41.3ms | ActiveRecord: 0.0ms)


Started GET "/posts/new" for 127.0.0.1 at 2017-02-06 17:35:49 -0800
Processing by PostsController#new as HTML
  Rendering posts/new.html.erb within layouts/application
  Rendered posts/new.html.erb within layouts/application (0.4ms)
Completed 200 OK in 45ms (Views: 42.5ms | ActiveRecord: 0.0ms)


Started GET "/" for 127.0.0.1 at 2017-02-06 17:35:50 -0800
Processing by PostsController#index as HTML
  Rendering posts/index.html.erb within layouts/application
  Rendered posts/index.html.erb within layouts/application (0.4ms)
Completed 200 OK in 54ms (Views: 50.1ms | ActiveRecord: 0.0ms)


Started GET "/" for 127.0.0.1 at 2017-02-06 17:40:37 -0800
Processing by PostsController#index as HTML
  Rendering posts/index.html.erb within layouts/application
  Rendered posts/index.html.erb within layouts/application (0.3ms)
Completed 200 OK in 55ms (Views: 53.1ms | ActiveRecord: 0.0ms)


Started GET "/users/sign_in" for 127.0.0.1 at 2017-02-06 17:40:38 -0800
Processing by Devise::SessionsController#new as HTML
  Rendering /Users/elisecassella/.rvm/gems/ruby-2.4.0/gems/devise-4.2.0/app/views/devise/sessions/new.html.erb within layouts/application
  Rendered /Users/elisecassella/.rvm/gems/ruby-2.4.0/gems/devise-4.2.0/app/views/devise/shared/_links.html.erb (1.1ms)
  Rendered /Users/elisecassella/.rvm/gems/ruby-2.4.0/gems/devise-4.2.0/app/views/devise/sessions/new.html.erb within layouts/application (26.0ms)
Completed 200 OK in 80ms (Views: 68.3ms | ActiveRecord: 0.6ms)


Started GET "/users/sign_up" for 127.0.0.1 at 2017-02-06 17:40:40 -0800
Processing by Devise::RegistrationsController#new as HTML
  Rendering /Users/elisecassella/.rvm/gems/ruby-2.4.0/gems/devise-4.2.0/app/views/devise/registrations/new.html.erb within layouts/application
  Rendered /Users/elisecassella/.rvm/gems/ruby-2.4.0/gems/devise-4.2.0/app/views/devise/shared/_links.html.erb (1.0ms)
  Rendered /Users/elisecassella/.rvm/gems/ruby-2.4.0/gems/devise-4.2.0/app/views/devise/registrations/new.html.erb within layouts/application (6.0ms)
Completed 200 OK in 52ms (Views: 50.8ms | ActiveRecord: 0.0ms)


Started GET "/users/sign_up" for 127.0.0.1 at 2017-02-06 17:47:48 -0800
Processing by Devise::RegistrationsController#new as HTML
  Rendering /Users/elisecassella/.rvm/gems/ruby-2.4.0/gems/devise-4.2.0/app/views/devise/registrations/new.html.erb within layouts/application
  Rendered /Users/elisecassella/.rvm/gems/ruby-2.4.0/gems/devise-4.2.0/app/views/devise/shared/_links.html.erb (0.9ms)
  Rendered /Users/elisecassella/.rvm/gems/ruby-2.4.0/gems/devise-4.2.0/app/views/devise/registrations/new.html.erb within layouts/application (12.0ms)
Completed 200 OK in 68ms (Views: 56.1ms | ActiveRecord: 0.6ms)


Started GET "/" for 127.0.0.1 at 2017-02-06 17:47:50 -0800
Processing by PostsController#index as HTML
  Rendering posts/index.html.erb within layouts/application
  Rendered posts/index.html.erb within layouts/application (0.3ms)
Completed 200 OK in 44ms (Views: 42.3ms | ActiveRecord: 0.0ms)


Started GET "/posts/new" for 127.0.0.1 at 2017-02-06 17:47:52 -0800
Processing by PostsController#new as HTML
  Rendering posts/new.html.erb within layouts/application
  Rendered posts/new.html.erb within layouts/application (0.6ms)
Completed 500 Internal Server Error in 25ms (ActiveRecord: 0.7ms)


  
SyntaxError (/Users/elisecassella/cs121/workspace/instagram_app/app/views/posts/new.html.erb:3: syntax error, unexpected keyword_do_block, expecting &. or :: or '[' or '.'
fer.append=  form for @post do |f| @output_buffer.safe_appen
                              ^
/Users/elisecassella/cs121/workspace/instagram_app/app/views/posts/new.html.erb:9: syntax error, unexpected keyword_ensure, expecting end-of-input
          ensure
                ^):
  
app/views/posts/new.html.erb:3: syntax error, unexpected keyword_do_block, expecting &. or :: or '[' or '.'
app/views/posts/new.html.erb:9: syntax error, unexpected keyword_ensure, expecting end-of-input
  Rendering /Users/elisecassella/.rvm/gems/ruby-2.4.0@global/gems/actionpack-5.0.1/lib/action_dispatch/middleware/templates/rescues/diagnostics.html.erb within rescues/layout
  Rendering /Users/elisecassella/.rvm/gems/ruby-2.4.0@global/gems/actionpack-5.0.1/lib/action_dispatch/middleware/templates/rescues/_source.html.erb
  Rendered /Users/elisecassella/.rvm/gems/ruby-2.4.0@global/gems/actionpack-5.0.1/lib/action_dispatch/middleware/templates/rescues/_source.html.erb (5.1ms)
  Rendering /Users/elisecassella/.rvm/gems/ruby-2.4.0@global/gems/actionpack-5.0.1/lib/action_dispatch/middleware/templates/rescues/_trace.html.erb
  Rendered /Users/elisecassella/.rvm/gems/ruby-2.4.0@global/gems/actionpack-5.0.1/lib/action_dispatch/middleware/templates/rescues/_trace.html.erb (2.3ms)
  Rendering /Users/elisecassella/.rvm/gems/ruby-2.4.0@global/gems/actionpack-5.0.1/lib/action_dispatch/middleware/templates/rescues/_request_and_response.html.erb
  Rendered /Users/elisecassella/.rvm/gems/ruby-2.4.0@global/gems/actionpack-5.0.1/lib/action_dispatch/middleware/templates/rescues/_request_and_response.html.erb (0.7ms)
  Rendered /Users/elisecassella/.rvm/gems/ruby-2.4.0@global/gems/actionpack-5.0.1/lib/action_dispatch/middleware/templates/rescues/diagnostics.html.erb within rescues/layout (80.3ms)
Started GET "/posts/new" for 127.0.0.1 at 2017-02-06 17:49:49 -0800
Processing by PostsController#new as HTML
  Rendering posts/new.html.erb within layouts/application
  Rendered posts/new.html.erb within layouts/application (1.0ms)
Completed 500 Internal Server Error in 7ms (ActiveRecord: 0.0ms)


  
SyntaxError (/Users/elisecassella/cs121/workspace/instagram_app/app/views/posts/new.html.erb:3: syntax error, unexpected keyword_do_block, expecting &. or :: or '[' or '.'
fer.append=  form for @post do |f| @output_buffer.safe_appen
                              ^
/Users/elisecassella/cs121/workspace/instagram_app/app/views/posts/new.html.erb:9: syntax error, unexpected keyword_ensure, expecting end-of-input
          ensure
                ^):
  
app/views/posts/new.html.erb:3: syntax error, unexpected keyword_do_block, expecting &. or :: or '[' or '.'
app/views/posts/new.html.erb:9: syntax error, unexpected keyword_ensure, expecting end-of-input
  Rendering /Users/elisecassella/.rvm/gems/ruby-2.4.0@global/gems/actionpack-5.0.1/lib/action_dispatch/middleware/templates/rescues/diagnostics.html.erb within rescues/layout
  Rendering /Users/elisecassella/.rvm/gems/ruby-2.4.0@global/gems/actionpack-5.0.1/lib/action_dispatch/middleware/templates/rescues/_source.html.erb
  Rendered /Users/elisecassella/.rvm/gems/ruby-2.4.0@global/gems/actionpack-5.0.1/lib/action_dispatch/middleware/templates/rescues/_source.html.erb (5.5ms)
  Rendering /Users/elisecassella/.rvm/gems/ruby-2.4.0@global/gems/actionpack-5.0.1/lib/action_dispatch/middleware/templates/rescues/_trace.html.erb
  Rendered /Users/elisecassella/.rvm/gems/ruby-2.4.0@global/gems/actionpack-5.0.1/lib/action_dispatch/middleware/templates/rescues/_trace.html.erb (1.7ms)
  Rendering /Users/elisecassella/.rvm/gems/ruby-2.4.0@global/gems/actionpack-5.0.1/lib/action_dispatch/middleware/templates/rescues/_request_and_response.html.erb
  Rendered /Users/elisecassella/.rvm/gems/ruby-2.4.0@global/gems/actionpack-5.0.1/lib/action_dispatch/middleware/templates/rescues/_request_and_response.html.erb (0.6ms)
  Rendered /Users/elisecassella/.rvm/gems/ruby-2.4.0@global/gems/actionpack-5.0.1/lib/action_dispatch/middleware/templates/rescues/diagnostics.html.erb within rescues/layout (66.6ms)
Started GET "/posts/new" for 127.0.0.1 at 2017-02-06 17:50:41 -0800
Processing by PostsController#new as HTML
  Rendering posts/new.html.erb within layouts/application
  Rendered posts/new.html.erb within layouts/application (5.2ms)
Completed 200 OK in 45ms (Views: 43.6ms | ActiveRecord: 0.0ms)


Started GET "/posts/new" for 127.0.0.1 at 2017-02-06 21:37:15 -0800
Processing by PostsController#new as HTML
  Rendering posts/new.html.erb within layouts/application
  Rendered posts/new.html.erb within layouts/application (1.7ms)
Completed 200 OK in 69ms (Views: 65.6ms | ActiveRecord: 0.0ms)


Started GET "/users/sign_up" for 127.0.0.1 at 2017-02-06 21:37:43 -0800
Processing by Devise::RegistrationsController#new as HTML
  Rendering /Users/elisecassella/.rvm/gems/ruby-2.4.0/gems/devise-4.2.0/app/views/devise/registrations/new.html.erb within layouts/application
  Rendered /Users/elisecassella/.rvm/gems/ruby-2.4.0/gems/devise-4.2.0/app/views/devise/shared/_links.html.erb (0.9ms)
  Rendered /Users/elisecassella/.rvm/gems/ruby-2.4.0/gems/devise-4.2.0/app/views/devise/registrations/new.html.erb within layouts/application (7.2ms)
Completed 200 OK in 55ms (Views: 53.6ms | ActiveRecord: 0.0ms)


Started POST "/users" for 127.0.0.1 at 2017-02-06 21:38:00 -0800
Processing by Devise::RegistrationsController#create as HTML
  Parameters: {"utf8"=>"✓", "authenticity_token"=>"maad0sjGkAPND0kTM/z5Aen0Z3D4JsH6adl+bqqqj6qM0KvX8Q5q+X0YQ2gt2JEhr/weK5O+m6B/SfRUh2uKRA==", "user"=>{"email"=>"elisecassella@gmail.com", "password"=>"[FILTERED]", "password_confirmation"=>"[FILTERED]"}, "commit"=>"Sign up"}
  [1m[35m (0.1ms)[0m  [1m[36mbegin transaction[0m
  [1m[36mUser Exists (0.4ms)[0m  [1m[34mSELECT  1 AS one FROM "users" WHERE "users"."email" = ? LIMIT ?[0m  [["email", "elisecassella@gmail.com"], ["LIMIT", 1]]
  [1m[35mSQL (1.1ms)[0m  [1m[32mINSERT INTO "users" ("email", "encrypted_password", "created_at", "updated_at") VALUES (?, ?, ?, ?)[0m  [["email", "elisecassella@gmail.com"], ["encrypted_password", "$2a$11$kd4UW3QbqByjzsG90Eg29uyZQS/bmK0iz6JmOMF7DmbSkzuc9p2Zu"], ["created_at", 2017-02-07 05:38:00 UTC], ["updated_at", 2017-02-07 05:38:00 UTC]]
  [1m[35m (0.6ms)[0m  [1m[36mcommit transaction[0m
  [1m[35m (0.1ms)[0m  [1m[36mbegin transaction[0m
  [1m[35mSQL (0.4ms)[0m  [1m[33mUPDATE "users" SET "sign_in_count" = ?, "current_sign_in_at" = ?, "last_sign_in_at" = ?, "current_sign_in_ip" = ?, "last_sign_in_ip" = ?, "updated_at" = ? WHERE "users"."id" = ?[0m  [["sign_in_count", 1], ["current_sign_in_at", 2017-02-07 05:38:00 UTC], ["last_sign_in_at", 2017-02-07 05:38:00 UTC], ["current_sign_in_ip", "127.0.0.1"], ["last_sign_in_ip", "127.0.0.1"], ["updated_at", 2017-02-07 05:38:00 UTC], ["id", 1]]
  [1m[35m (0.7ms)[0m  [1m[36mcommit transaction[0m
Redirected to http://localhost:3000/
Completed 302 Found in 174ms (ActiveRecord: 3.3ms)


Started GET "/" for 127.0.0.1 at 2017-02-06 21:38:00 -0800
Processing by PostsController#index as HTML
  Rendering posts/index.html.erb within layouts/application
  Rendered posts/index.html.erb within layouts/application (0.3ms)
  [1m[36mUser Load (0.2ms)[0m  [1m[34mSELECT  "users".* FROM "users" WHERE "users"."id" = ? ORDER BY "users"."id" ASC LIMIT ?[0m  [["id", 1], ["LIMIT", 1]]
Completed 200 OK in 39ms (Views: 37.5ms | ActiveRecord: 0.2ms)


Started GET "/" for 127.0.0.1 at 2017-02-06 21:44:52 -0800
Processing by PostsController#index as HTML
  Rendering posts/index.html.erb within layouts/application
  Rendered posts/index.html.erb within layouts/application (0.5ms)
Completed 500 Internal Server Error in 9ms (ActiveRecord: 0.0ms)


  
SyntaxError (/Users/elisecassella/cs121/workspace/instagram_app/app/views/layouts/application.html.erb:32: syntax error, unexpected tLABEL, expecting keyword_do or '{' or '('
troy_user_session_path method: :delete);@output_buffer.safe_
                              ^):
  
app/views/layouts/application.html.erb:32: syntax error, unexpected tLABEL, expecting keyword_do or '{' or '('
  Rendering /Users/elisecassella/.rvm/gems/ruby-2.4.0@global/gems/actionpack-5.0.1/lib/action_dispatch/middleware/templates/rescues/diagnostics.html.erb within rescues/layout
  Rendering /Users/elisecassella/.rvm/gems/ruby-2.4.0@global/gems/actionpack-5.0.1/lib/action_dispatch/middleware/templates/rescues/_source.html.erb
  Rendered /Users/elisecassella/.rvm/gems/ruby-2.4.0@global/gems/actionpack-5.0.1/lib/action_dispatch/middleware/templates/rescues/_source.html.erb (4.8ms)
  Rendering /Users/elisecassella/.rvm/gems/ruby-2.4.0@global/gems/actionpack-5.0.1/lib/action_dispatch/middleware/templates/rescues/_trace.html.erb
  Rendered /Users/elisecassella/.rvm/gems/ruby-2.4.0@global/gems/actionpack-5.0.1/lib/action_dispatch/middleware/templates/rescues/_trace.html.erb (3.1ms)
  Rendering /Users/elisecassella/.rvm/gems/ruby-2.4.0@global/gems/actionpack-5.0.1/lib/action_dispatch/middleware/templates/rescues/_request_and_response.html.erb
  Rendered /Users/elisecassella/.rvm/gems/ruby-2.4.0@global/gems/actionpack-5.0.1/lib/action_dispatch/middleware/templates/rescues/_request_and_response.html.erb (0.8ms)
  Rendered /Users/elisecassella/.rvm/gems/ruby-2.4.0@global/gems/actionpack-5.0.1/lib/action_dispatch/middleware/templates/rescues/diagnostics.html.erb within rescues/layout (73.3ms)
Started GET "/" for 127.0.0.1 at 2017-02-06 21:46:07 -0800
Processing by PostsController#index as HTML
  Rendering posts/index.html.erb within layouts/application
  Rendered posts/index.html.erb within layouts/application (0.3ms)
  [1m[36mUser Load (0.3ms)[0m  [1m[34mSELECT  "users".* FROM "users" WHERE "users"."id" = ? ORDER BY "users"."id" ASC LIMIT ?[0m  [["id", 1], ["LIMIT", 1]]
Completed 200 OK in 59ms (Views: 56.7ms | ActiveRecord: 0.3ms)


Started GET "/" for 127.0.0.1 at 2017-02-06 21:46:16 -0800
Processing by PostsController#index as HTML
  Rendering posts/index.html.erb within layouts/application
  Rendered posts/index.html.erb within layouts/application (0.4ms)
  [1m[36mUser Load (0.2ms)[0m  [1m[34mSELECT  "users".* FROM "users" WHERE "users"."id" = ? ORDER BY "users"."id" ASC LIMIT ?[0m  [["id", 1], ["LIMIT", 1]]
Completed 200 OK in 45ms (Views: 42.9ms | ActiveRecord: 0.2ms)


Started GET "/" for 127.0.0.1 at 2017-02-06 21:46:18 -0800
Processing by PostsController#index as HTML
  Rendering posts/index.html.erb within layouts/application
  Rendered posts/index.html.erb within layouts/application (0.3ms)
  [1m[36mUser Load (0.2ms)[0m  [1m[34mSELECT  "users".* FROM "users" WHERE "users"."id" = ? ORDER BY "users"."id" ASC LIMIT ?[0m  [["id", 1], ["LIMIT", 1]]
Completed 200 OK in 53ms (Views: 51.2ms | ActiveRecord: 0.2ms)


Started DELETE "/users/sign_out" for 127.0.0.1 at 2017-02-06 21:46:29 -0800
Processing by Devise::SessionsController#destroy as HTML
  Parameters: {"authenticity_token"=>"/KoJIU+nfcv0CfQSIegvqigN3xcojcn0QqeaSC0JvDpQ2rzICcGTQR5XolLRD/xQ3sh2UsrgnxZdNnNflexURw=="}
  [1m[36mUser Load (0.2ms)[0m  [1m[34mSELECT  "users".* FROM "users" WHERE "users"."id" = ? ORDER BY "users"."id" ASC LIMIT ?[0m  [["id", 1], ["LIMIT", 1]]
  [1m[35m (0.1ms)[0m  [1m[36mbegin transaction[0m
  [1m[35m (0.0ms)[0m  [1m[36mcommit transaction[0m
Redirected to http://localhost:3000/
Completed 302 Found in 5ms (ActiveRecord: 0.3ms)


Started GET "/" for 127.0.0.1 at 2017-02-06 21:46:29 -0800
Processing by PostsController#index as HTML
  Rendering posts/index.html.erb within layouts/application
  Rendered posts/index.html.erb within layouts/application (0.3ms)
Completed 200 OK in 41ms (Views: 39.9ms | ActiveRecord: 0.0ms)


Started GET "/" for 127.0.0.1 at 2017-02-06 21:46:32 -0800
Processing by PostsController#index as HTML
  Rendering posts/index.html.erb within layouts/application
  Rendered posts/index.html.erb within layouts/application (0.3ms)
Completed 200 OK in 50ms (Views: 47.8ms | ActiveRecord: 0.0ms)


Started GET "/" for 127.0.0.1 at 2017-02-06 21:46:33 -0800
Processing by PostsController#index as HTML
  Rendering posts/index.html.erb within layouts/application
  Rendered posts/index.html.erb within layouts/application (0.4ms)
Completed 200 OK in 50ms (Views: 47.5ms | ActiveRecord: 0.0ms)


Started GET "/" for 127.0.0.1 at 2017-02-06 21:47:33 -0800
  [1m[36mActiveRecord::SchemaMigration Load (0.3ms)[0m  [1m[34mSELECT "schema_migrations".* FROM "schema_migrations"[0m
Processing by PostsController#index as HTML
  Rendering posts/index.html.erb within layouts/application
  Rendered posts/index.html.erb within layouts/application (1.9ms)
Started GET "/" for 127.0.0.1 at 2017-02-06 21:47:34 -0800
Processing by PostsController#index as HTML
  Rendering posts/index.html.erb within layouts/application
  Rendered posts/index.html.erb within layouts/application (0.3ms)
Completed 200 OK in 88ms (Views: 85.1ms | ActiveRecord: 0.0ms)


Completed 200 OK in 470ms (Views: 458.1ms | ActiveRecord: 0.0ms)


Started GET "/" for 127.0.0.1 at 2017-02-06 21:47:36 -0800
Processing by PostsController#index as HTML
  Rendering posts/index.html.erb within layouts/application
  Rendered posts/index.html.erb within layouts/application (0.4ms)
Completed 200 OK in 62ms (Views: 57.9ms | ActiveRecord: 0.0ms)


Started GET "/users/sign_in" for 127.0.0.1 at 2017-02-06 21:47:41 -0800
Processing by Devise::SessionsController#new as HTML
  Rendering /Users/elisecassella/.rvm/gems/ruby-2.4.0/gems/devise-4.2.0/app/views/devise/sessions/new.html.erb within layouts/application
  Rendered /Users/elisecassella/.rvm/gems/ruby-2.4.0/gems/devise-4.2.0/app/views/devise/shared/_links.html.erb (1.1ms)
  Rendered /Users/elisecassella/.rvm/gems/ruby-2.4.0/gems/devise-4.2.0/app/views/devise/sessions/new.html.erb within layouts/application (28.5ms)
Completed 200 OK in 81ms (Views: 68.8ms | ActiveRecord: 0.5ms)


Started GET "/" for 127.0.0.1 at 2017-02-06 21:48:37 -0800
Processing by PostsController#index as HTML
  Rendering posts/index.html.erb within layouts/application
  Rendered posts/index.html.erb within layouts/application (0.6ms)
Completed 200 OK in 52ms (Views: 50.5ms | ActiveRecord: 0.0ms)


Started GET "/" for 127.0.0.1 at 2017-02-06 21:49:14 -0800
Processing by PostsController#index as HTML
  Rendering posts/index.html.erb within layouts/application
  Rendered posts/index.html.erb within layouts/application (0.3ms)
Completed 200 OK in 41ms (Views: 39.3ms | ActiveRecord: 0.0ms)


Started GET "/" for 127.0.0.1 at 2017-02-06 21:49:16 -0800
Processing by PostsController#index as HTML
  Rendering posts/index.html.erb within layouts/application
  Rendered posts/index.html.erb within layouts/application (0.3ms)
Completed 200 OK in 48ms (Views: 46.6ms | ActiveRecord: 0.0ms)


Started GET "/" for 127.0.0.1 at 2017-02-06 21:49:56 -0800
Processing by PostsController#index as HTML
  Rendering posts/index.html.erb within layouts/application
  Rendered posts/index.html.erb within layouts/application (0.3ms)
Completed 200 OK in 42ms (Views: 40.9ms | ActiveRecord: 0.0ms)


Started GET "/" for 127.0.0.1 at 2017-02-06 21:50:02 -0800
Processing by PostsController#index as HTML
  Rendering posts/index.html.erb within layouts/application
  Rendered posts/index.html.erb within layouts/application (0.3ms)
Completed 200 OK in 46ms (Views: 44.2ms | ActiveRecord: 0.0ms)


Started GET "/" for 127.0.0.1 at 2017-02-06 21:50:06 -0800
Processing by PostsController#index as HTML
  Rendering posts/index.html.erb within layouts/application
  Rendered posts/index.html.erb within layouts/application (0.4ms)
Completed 200 OK in 50ms (Views: 47.1ms | ActiveRecord: 0.0ms)


Started GET "/" for 127.0.0.1 at 2017-02-06 21:50:07 -0800
Processing by PostsController#index as HTML
  Rendering posts/index.html.erb within layouts/application
  Rendered posts/index.html.erb within layouts/application (0.4ms)
Completed 200 OK in 56ms (Views: 53.6ms | ActiveRecord: 0.0ms)


Started GET "/" for 127.0.0.1 at 2017-02-06 21:50:08 -0800
Processing by PostsController#index as HTML
  Rendering posts/index.html.erb within layouts/application
  Rendered posts/index.html.erb within layouts/application (0.6ms)
Completed 200 OK in 52ms (Views: 49.1ms | ActiveRecord: 0.0ms)


Started GET "/" for 127.0.0.1 at 2017-02-06 21:51:00 -0800
  [1m[36mActiveRecord::SchemaMigration Load (0.4ms)[0m  [1m[34mSELECT "schema_migrations".* FROM "schema_migrations"[0m
Processing by PostsController#index as HTML
  Rendering posts/index.html.erb within layouts/application
  Rendered posts/index.html.erb within layouts/application (1.4ms)
Completed 200 OK in 392ms (Views: 381.8ms | ActiveRecord: 0.0ms)


Started GET "/" for 127.0.0.1 at 2017-02-06 21:51:58 -0800
Processing by PostsController#index as HTML
  Rendering posts/index.html.erb within layouts/application
  Rendered posts/index.html.erb within layouts/application (0.4ms)
Completed 200 OK in 42ms (Views: 40.2ms | ActiveRecord: 0.0ms)


Started GET "/" for 127.0.0.1 at 2017-02-06 21:52:08 -0800
Processing by PostsController#index as HTML
  Rendering posts/index.html.erb within layouts/application
  Rendered posts/index.html.erb within layouts/application (0.3ms)
Completed 200 OK in 51ms (Views: 49.5ms | ActiveRecord: 0.0ms)


Started GET "/" for 127.0.0.1 at 2017-02-06 21:52:53 -0800
Processing by PostsController#index as HTML
  Rendering posts/index.html.erb within layouts/application
  Rendered posts/index.html.erb within layouts/application (0.3ms)
Completed 200 OK in 39ms (Views: 37.8ms | ActiveRecord: 0.0ms)


Started GET "/users/sign_in" for 127.0.0.1 at 2017-02-06 21:52:56 -0800
Processing by Devise::SessionsController#new as HTML
  Rendering /Users/elisecassella/.rvm/gems/ruby-2.4.0/gems/devise-4.2.0/app/views/devise/sessions/new.html.erb within layouts/application
  Rendered /Users/elisecassella/.rvm/gems/ruby-2.4.0/gems/devise-4.2.0/app/views/devise/shared/_links.html.erb (1.0ms)
  Rendered /Users/elisecassella/.rvm/gems/ruby-2.4.0/gems/devise-4.2.0/app/views/devise/sessions/new.html.erb within layouts/application (28.2ms)
Completed 200 OK in 85ms (Views: 73.5ms | ActiveRecord: 0.5ms)


Started POST "/users/sign_in" for 127.0.0.1 at 2017-02-06 21:53:03 -0800
Processing by Devise::SessionsController#create as HTML
  Parameters: {"utf8"=>"✓", "authenticity_token"=>"2oATU6hvKhTu4al5ZJ4PMoNf9FkCcng5G3c0ggSOP+3Gyy2fSo3AZB2MmFT1G/bxpdUUNou9WJSaZM0clLresw==", "user"=>{"email"=>"elisecassella@gmail.com", "password"=>"[FILTERED]", "remember_me"=>"0"}, "commit"=>"Log in"}
  [1m[36mUser Load (0.6ms)[0m  [1m[34mSELECT  "users".* FROM "users" WHERE "users"."email" = ? ORDER BY "users"."id" ASC LIMIT ?[0m  [["email", "elisecassella@gmail.com"], ["LIMIT", 1]]
  [1m[35m (0.1ms)[0m  [1m[36mbegin transaction[0m
  [1m[35mSQL (0.4ms)[0m  [1m[33mUPDATE "users" SET "current_sign_in_at" = ?, "sign_in_count" = ?, "updated_at" = ? WHERE "users"."id" = ?[0m  [["current_sign_in_at", 2017-02-07 05:53:03 UTC], ["sign_in_count", 2], ["updated_at", 2017-02-07 05:53:03 UTC], ["id", 1]]
  [1m[35m (1.6ms)[0m  [1m[36mcommit transaction[0m
Redirected to http://localhost:3000/
Completed 302 Found in 156ms (ActiveRecord: 2.7ms)


Started GET "/" for 127.0.0.1 at 2017-02-06 21:53:03 -0800
Processing by PostsController#index as HTML
  Rendering posts/index.html.erb within layouts/application
  Rendered posts/index.html.erb within layouts/application (0.3ms)
  [1m[36mUser Load (0.2ms)[0m  [1m[34mSELECT  "users".* FROM "users" WHERE "users"."id" = ? ORDER BY "users"."id" ASC LIMIT ?[0m  [["id", 1], ["LIMIT", 1]]
Completed 200 OK in 42ms (Views: 40.0ms | ActiveRecord: 0.2ms)


Started DELETE "/users/sign_out" for 127.0.0.1 at 2017-02-06 21:54:02 -0800
Processing by Devise::SessionsController#destroy as HTML
  Parameters: {"authenticity_token"=>"vRgiGxawM/6/hwxXU+80Nrcr3xfNaGk9C46tA93KsBOSUL0EBEILTzffQDlD+HKjO22by8UzdmkFl9puy1ysGA=="}
  [1m[36mUser Load (0.2ms)[0m  [1m[34mSELECT  "users".* FROM "users" WHERE "users"."id" = ? ORDER BY "users"."id" ASC LIMIT ?[0m  [["id", 1], ["LIMIT", 1]]
  [1m[35m (0.1ms)[0m  [1m[36mbegin transaction[0m
  [1m[35m (0.0ms)[0m  [1m[36mcommit transaction[0m
Redirected to http://localhost:3000/
Completed 302 Found in 6ms (ActiveRecord: 0.3ms)


Started GET "/" for 127.0.0.1 at 2017-02-06 21:54:02 -0800
Processing by PostsController#index as HTML
  Rendering posts/index.html.erb within layouts/application
  Rendered posts/index.html.erb within layouts/application (0.3ms)
Completed 200 OK in 41ms (Views: 39.5ms | ActiveRecord: 0.0ms)


Started GET "/" for 127.0.0.1 at 2017-02-06 21:55:18 -0800
Processing by PostsController#index as HTML
  Rendering posts/index.html.erb within layouts/application
  Rendered posts/index.html.erb within layouts/application (0.4ms)
Completed 200 OK in 48ms (Views: 46.0ms | ActiveRecord: 0.0ms)


Started GET "/users/sign_in" for 127.0.0.1 at 2017-02-06 21:55:20 -0800
Processing by Devise::SessionsController#new as HTML
  Rendering /Users/elisecassella/.rvm/gems/ruby-2.4.0/gems/devise-4.2.0/app/views/devise/sessions/new.html.erb within layouts/application
  Rendered /Users/elisecassella/.rvm/gems/ruby-2.4.0/gems/devise-4.2.0/app/views/devise/shared/_links.html.erb (1.6ms)
  Rendered /Users/elisecassella/.rvm/gems/ruby-2.4.0/gems/devise-4.2.0/app/views/devise/sessions/new.html.erb within layouts/application (10.3ms)
Completed 200 OK in 60ms (Views: 57.9ms | ActiveRecord: 0.0ms)


Started POST "/users/sign_in" for 127.0.0.1 at 2017-02-06 21:55:26 -0800
Processing by Devise::SessionsController#create as HTML
  Parameters: {"utf8"=>"✓", "authenticity_token"=>"z2C4qt+Pwj7i5h6SSO5XfjJ9XaTgd1gD5pMu8n/Itm3AvvKmwmob1DRQ/2fZbS57FPPG6Eog05xx1OwtgyWa6A==", "user"=>{"email"=>"elisecassella@gmail.com", "password"=>"[FILTERED]", "remember_me"=>"0"}, "commit"=>"Log in"}
  [1m[36mUser Load (0.2ms)[0m  [1m[34mSELECT  "users".* FROM "users" WHERE "users"."email" = ? ORDER BY "users"."id" ASC LIMIT ?[0m  [["email", "elisecassella@gmail.com"], ["LIMIT", 1]]
  [1m[35m (0.1ms)[0m  [1m[36mbegin transaction[0m
  [1m[35mSQL (0.3ms)[0m  [1m[33mUPDATE "users" SET "current_sign_in_at" = ?, "last_sign_in_at" = ?, "sign_in_count" = ?, "updated_at" = ? WHERE "users"."id" = ?[0m  [["current_sign_in_at", 2017-02-07 05:55:26 UTC], ["last_sign_in_at", 2017-02-07 05:53:03 UTC], ["sign_in_count", 3], ["updated_at", 2017-02-07 05:55:26 UTC], ["id", 1]]
  [1m[35m (1.5ms)[0m  [1m[36mcommit transaction[0m
Redirected to http://localhost:3000/
Completed 302 Found in 145ms (ActiveRecord: 2.0ms)


Started GET "/" for 127.0.0.1 at 2017-02-06 21:55:26 -0800
Processing by PostsController#index as HTML
  Rendering posts/index.html.erb within layouts/application
  Rendered posts/index.html.erb within layouts/application (0.3ms)
  [1m[36mUser Load (0.2ms)[0m  [1m[34mSELECT  "users".* FROM "users" WHERE "users"."id" = ? ORDER BY "users"."id" ASC LIMIT ?[0m  [["id", 1], ["LIMIT", 1]]
Completed 200 OK in 40ms (Views: 38.6ms | ActiveRecord: 0.2ms)


Started DELETE "/users/sign_out" for 127.0.0.1 at 2017-02-06 21:55:29 -0800
Processing by Devise::SessionsController#destroy as HTML
  Parameters: {"authenticity_token"=>"wO1SDivLeB0/kRJ5U+eglhsU8lYbJaSXTnxRhlUxmlNA6jZxEbTBJH+gDsNMIbkYEZY/T4YceusMub/UAfav6w=="}
  [1m[36mUser Load (0.4ms)[0m  [1m[34mSELECT  "users".* FROM "users" WHERE "users"."id" = ? ORDER BY "users"."id" ASC LIMIT ?[0m  [["id", 1], ["LIMIT", 1]]
  [1m[35m (0.1ms)[0m  [1m[36mbegin transaction[0m
  [1m[35m (0.0ms)[0m  [1m[36mcommit transaction[0m
Redirected to http://localhost:3000/
Completed 302 Found in 5ms (ActiveRecord: 0.5ms)


Started GET "/" for 127.0.0.1 at 2017-02-06 21:55:29 -0800
Processing by PostsController#index as HTML
  Rendering posts/index.html.erb within layouts/application
  Rendered posts/index.html.erb within layouts/application (2.0ms)
Completed 200 OK in 47ms (Views: 45.7ms | ActiveRecord: 0.0ms)


Started GET "/" for 127.0.0.1 at 2017-02-06 21:56:15 -0800
Processing by PostsController#index as HTML
  Rendering posts/index.html.erb within layouts/application
  Rendered posts/index.html.erb within layouts/application (0.3ms)
Completed 200 OK in 56ms (Views: 53.8ms | ActiveRecord: 0.0ms)


Started GET "/users/sign_in" for 127.0.0.1 at 2017-02-06 21:56:17 -0800
Processing by Devise::SessionsController#new as HTML
  Rendering /Users/elisecassella/.rvm/gems/ruby-2.4.0/gems/devise-4.2.0/app/views/devise/sessions/new.html.erb within layouts/application
  Rendered /Users/elisecassella/.rvm/gems/ruby-2.4.0/gems/devise-4.2.0/app/views/devise/shared/_links.html.erb (1.2ms)
  Rendered /Users/elisecassella/.rvm/gems/ruby-2.4.0/gems/devise-4.2.0/app/views/devise/sessions/new.html.erb within layouts/application (6.3ms)
Completed 200 OK in 53ms (Views: 50.0ms | ActiveRecord: 0.0ms)


Started POST "/users/sign_in" for 127.0.0.1 at 2017-02-06 21:56:23 -0800
Processing by Devise::SessionsController#create as HTML
  Parameters: {"utf8"=>"✓", "authenticity_token"=>"p2RztM1TWF8gH344V+R/usAHve3R0BO6iWtNzU+Ih7U2a/OrTmBv+/RDUVgaNd0UopnZGvkhFIqfMyhe3dZ9AQ==", "user"=>{"email"=>"elisecassella@gmail.com", "password"=>"[FILTERED]", "remember_me"=>"0"}, "commit"=>"Log in"}
  [1m[36mUser Load (0.2ms)[0m  [1m[34mSELECT  "users".* FROM "users" WHERE "users"."email" = ? ORDER BY "users"."id" ASC LIMIT ?[0m  [["email", "elisecassella@gmail.com"], ["LIMIT", 1]]
  [1m[35m (0.1ms)[0m  [1m[36mbegin transaction[0m
  [1m[35mSQL (0.4ms)[0m  [1m[33mUPDATE "users" SET "current_sign_in_at" = ?, "last_sign_in_at" = ?, "sign_in_count" = ?, "updated_at" = ? WHERE "users"."id" = ?[0m  [["current_sign_in_at", 2017-02-07 05:56:24 UTC], ["last_sign_in_at", 2017-02-07 05:55:26 UTC], ["sign_in_count", 4], ["updated_at", 2017-02-07 05:56:24 UTC], ["id", 1]]
  [1m[35m (1.6ms)[0m  [1m[36mcommit transaction[0m
Redirected to http://localhost:3000/
Completed 302 Found in 149ms (ActiveRecord: 2.2ms)


Started GET "/" for 127.0.0.1 at 2017-02-06 21:56:24 -0800
Processing by PostsController#index as HTML
  Rendering posts/index.html.erb within layouts/application
  Rendered posts/index.html.erb within layouts/application (0.3ms)
  [1m[36mUser Load (0.2ms)[0m  [1m[34mSELECT  "users".* FROM "users" WHERE "users"."id" = ? ORDER BY "users"."id" ASC LIMIT ?[0m  [["id", 1], ["LIMIT", 1]]
Completed 200 OK in 47ms (Views: 44.7ms | ActiveRecord: 0.2ms)


Started DELETE "/users/sign_out" for 127.0.0.1 at 2017-02-06 21:56:25 -0800
Processing by Devise::SessionsController#destroy as HTML
  Parameters: {"authenticity_token"=>"N1kJDrwksQcyzBxuI5kSnXvdyGGTmZ4mWo3reGZFjpaq0a8WynKodK72jgLWp92xbWim3mBeFESw3us4es3mmQ=="}
  [1m[36mUser Load (0.3ms)[0m  [1m[34mSELECT  "users".* FROM "users" WHERE "users"."id" = ? ORDER BY "users"."id" ASC LIMIT ?[0m  [["id", 1], ["LIMIT", 1]]
  [1m[35m (0.0ms)[0m  [1m[36mbegin transaction[0m
  [1m[35m (0.0ms)[0m  [1m[36mcommit transaction[0m
Redirected to http://localhost:3000/
Completed 302 Found in 3ms (ActiveRecord: 0.4ms)


Started GET "/" for 127.0.0.1 at 2017-02-06 21:56:25 -0800
Processing by PostsController#index as HTML
  Rendering posts/index.html.erb within layouts/application
  Rendered posts/index.html.erb within layouts/application (0.4ms)
Completed 200 OK in 45ms (Views: 42.8ms | ActiveRecord: 0.0ms)


Started GET "/" for 127.0.0.1 at 2017-02-06 21:56:58 -0800
  [1m[36mActiveRecord::SchemaMigration Load (0.2ms)[0m  [1m[34mSELECT "schema_migrations".* FROM "schema_migrations"[0m
Processing by PostsController#index as HTML
  Rendering posts/index.html.erb within layouts/application
  Rendered posts/index.html.erb within layouts/application (1.5ms)
Completed 200 OK in 384ms (Views: 372.3ms | ActiveRecord: 0.0ms)


Started GET "/users/sign_in" for 127.0.0.1 at 2017-02-06 21:57:02 -0800
Processing by Devise::SessionsController#new as HTML
  Rendering /Users/elisecassella/.rvm/gems/ruby-2.4.0/gems/devise-4.2.0/app/views/devise/sessions/new.html.erb within layouts/application
  Rendered /Users/elisecassella/.rvm/gems/ruby-2.4.0/gems/devise-4.2.0/app/views/devise/shared/_links.html.erb (1.3ms)
  Rendered /Users/elisecassella/.rvm/gems/ruby-2.4.0/gems/devise-4.2.0/app/views/devise/sessions/new.html.erb within layouts/application (26.0ms)
Completed 200 OK in 87ms (Views: 75.7ms | ActiveRecord: 0.5ms)


Started POST "/users/sign_in" for 127.0.0.1 at 2017-02-06 21:57:08 -0800
Processing by Devise::SessionsController#create as HTML
  Parameters: {"utf8"=>"✓", "authenticity_token"=>"TvEX8Tjrgcmgj8mP56h9r2ecMc2VbKuDQtQhR1XpjpjibIChGAOswqUwRgjIVZCYO+LItIVGwnNk6gMc/DFurg==", "user"=>{"email"=>"elisecassella@gmail.com", "password"=>"[FILTERED]", "remember_me"=>"0"}, "commit"=>"Log in"}
  [1m[36mUser Load (0.2ms)[0m  [1m[34mSELECT  "users".* FROM "users" WHERE "users"."email" = ? ORDER BY "users"."id" ASC LIMIT ?[0m  [["email", "elisecassella@gmail.com"], ["LIMIT", 1]]
  [1m[35m (0.1ms)[0m  [1m[36mbegin transaction[0m
  [1m[35mSQL (0.4ms)[0m  [1m[33mUPDATE "users" SET "current_sign_in_at" = ?, "last_sign_in_at" = ?, "sign_in_count" = ?, "updated_at" = ? WHERE "users"."id" = ?[0m  [["current_sign_in_at", 2017-02-07 05:57:09 UTC], ["last_sign_in_at", 2017-02-07 05:56:24 UTC], ["sign_in_count", 5], ["updated_at", 2017-02-07 05:57:09 UTC], ["id", 1]]
  [1m[35m (1.7ms)[0m  [1m[36mcommit transaction[0m
Redirected to http://localhost:3000/
Completed 302 Found in 155ms (ActiveRecord: 2.4ms)


Started GET "/" for 127.0.0.1 at 2017-02-06 21:57:09 -0800
Processing by PostsController#index as HTML
  Rendering posts/index.html.erb within layouts/application
  Rendered posts/index.html.erb within layouts/application (0.3ms)
  [1m[36mUser Load (0.2ms)[0m  [1m[34mSELECT  "users".* FROM "users" WHERE "users"."id" = ? ORDER BY "users"."id" ASC LIMIT ?[0m  [["id", 1], ["LIMIT", 1]]
Completed 200 OK in 40ms (Views: 37.9ms | ActiveRecord: 0.2ms)


Started DELETE "/users/sign_out" for 127.0.0.1 at 2017-02-06 21:57:10 -0800
Processing by Devise::SessionsController#destroy as HTML
  Parameters: {"authenticity_token"=>"3TfEDLhYrrbt8aALNkdkOofsHCKzYgRJkenildOcWAyoTUVxR3N0xsM6T8YECAH5AkSIBxM8K+CFbydaflcjTw=="}
  [1m[36mUser Load (0.1ms)[0m  [1m[34mSELECT  "users".* FROM "users" WHERE "users"."id" = ? ORDER BY "users"."id" ASC LIMIT ?[0m  [["id", 1], ["LIMIT", 1]]
  [1m[35m (0.1ms)[0m  [1m[36mbegin transaction[0m
  [1m[35m (0.1ms)[0m  [1m[36mcommit transaction[0m
Redirected to http://localhost:3000/
Completed 302 Found in 6ms (ActiveRecord: 0.3ms)


Started GET "/" for 127.0.0.1 at 2017-02-06 21:57:10 -0800
Processing by PostsController#index as HTML
  Rendering posts/index.html.erb within layouts/application
  Rendered posts/index.html.erb within layouts/application (0.3ms)
Completed 200 OK in 47ms (Views: 45.0ms | ActiveRecord: 0.0ms)


  [1m[36mActiveRecord::SchemaMigration Load (0.1ms)[0m  [1m[34mSELECT "schema_migrations".* FROM "schema_migrations"[0m
Migrating to AddAttachmentImageToPosts (20170207060006)
  [1m[35m (0.1ms)[0m  [1m[36mbegin transaction[0m
DEPRECATION WARNING: Directly inheriting from ActiveRecord::Migration is deprecated. Please specify the Rails release the migration was written for:

  class AddAttachmentImageToPosts < ActiveRecord::Migration[4.2] (called from block in execute_migration_in_transaction at /Users/elisecassella/.rvm/gems/ruby-2.4.0@global/gems/activerecord-5.0.1/lib/active_record/migration.rb:1212)
  [1m[35m (0.8ms)[0m  [1m[35mALTER TABLE "posts" ADD "image_file_name" varchar[0m
  [1m[35m (0.1ms)[0m  [1m[35mALTER TABLE "posts" ADD "image_content_type" varchar[0m
  [1m[35m (0.1ms)[0m  [1m[35mALTER TABLE "posts" ADD "image_file_size" integer[0m
  [1m[35m (0.2ms)[0m  [1m[35mALTER TABLE "posts" ADD "image_updated_at" datetime[0m
  [1m[35mSQL (0.2ms)[0m  [1m[32mINSERT INTO "schema_migrations" ("version") VALUES (?)[0m  [["version", "20170207060006"]]
  [1m[35m (0.6ms)[0m  [1m[36mcommit transaction[0m
  [1m[36mActiveRecord::InternalMetadata Load (0.1ms)[0m  [1m[34mSELECT  "ar_internal_metadata".* FROM "ar_internal_metadata" WHERE "ar_internal_metadata"."key" = ? LIMIT ?[0m  [["key", :environment], ["LIMIT", 1]]
  [1m[35m (0.0ms)[0m  [1m[36mbegin transaction[0m
  [1m[35m (0.0ms)[0m  [1m[36mcommit transaction[0m
  [1m[36mActiveRecord::SchemaMigration Load (0.1ms)[0m  [1m[34mSELECT "schema_migrations".* FROM "schema_migrations"[0m
  [1m[35m (0.1ms)[0m  [1m[34m            SELECT sql
            FROM sqlite_master
            WHERE name='index_users_on_reset_password_token' AND type='index'
            UNION ALL
            SELECT sql
            FROM sqlite_temp_master
            WHERE name='index_users_on_reset_password_token' AND type='index'
[0m
  [1m[35m (0.1ms)[0m  [1m[34m            SELECT sql
            FROM sqlite_master
            WHERE name='index_users_on_email' AND type='index'
            UNION ALL
            SELECT sql
            FROM sqlite_temp_master
            WHERE name='index_users_on_email' AND type='index'
[0m
Started GET "/" for 127.0.0.1 at 2017-02-06 22:23:36 -0800
  [1m[36mActiveRecord::SchemaMigration Load (0.1ms)[0m  [1m[34mSELECT "schema_migrations".* FROM "schema_migrations"[0m
Processing by PostsController#index as HTML
  Rendering posts/index.html.erb within layouts/application
  Rendered posts/index.html.erb within layouts/application (2.7ms)
Completed 200 OK in 398ms (Views: 385.9ms | ActiveRecord: 0.0ms)


Started GET "/posts/new" for 127.0.0.1 at 2017-02-06 22:23:39 -0800
Processing by PostsController#new as HTML
Completed 500 Internal Server Error in 5ms (ActiveRecord: 0.0ms)


  
NameError (uninitialized constant ApplicationRecord::Base):
  
app/models/post.rb:1:in `<top (required)>'
app/controllers/posts_controller.rb:3:in `new'
  Rendering /Users/elisecassella/.rvm/gems/ruby-2.4.0@global/gems/actionpack-5.0.1/lib/action_dispatch/middleware/templates/rescues/diagnostics.html.erb within rescues/layout
  Rendering /Users/elisecassella/.rvm/gems/ruby-2.4.0@global/gems/actionpack-5.0.1/lib/action_dispatch/middleware/templates/rescues/_source.html.erb
  Rendered /Users/elisecassella/.rvm/gems/ruby-2.4.0@global/gems/actionpack-5.0.1/lib/action_dispatch/middleware/templates/rescues/_source.html.erb (4.9ms)
  Rendering /Users/elisecassella/.rvm/gems/ruby-2.4.0@global/gems/actionpack-5.0.1/lib/action_dispatch/middleware/templates/rescues/_trace.html.erb
  Rendered /Users/elisecassella/.rvm/gems/ruby-2.4.0@global/gems/actionpack-5.0.1/lib/action_dispatch/middleware/templates/rescues/_trace.html.erb (1.5ms)
  Rendering /Users/elisecassella/.rvm/gems/ruby-2.4.0@global/gems/actionpack-5.0.1/lib/action_dispatch/middleware/templates/rescues/_request_and_response.html.erb
  Rendered /Users/elisecassella/.rvm/gems/ruby-2.4.0@global/gems/actionpack-5.0.1/lib/action_dispatch/middleware/templates/rescues/_request_and_response.html.erb (0.6ms)
  Rendered /Users/elisecassella/.rvm/gems/ruby-2.4.0@global/gems/actionpack-5.0.1/lib/action_dispatch/middleware/templates/rescues/diagnostics.html.erb within rescues/layout (78.3ms)
Started GET "/posts/new" for 127.0.0.1 at 2017-02-06 22:24:50 -0800
Processing by PostsController#new as HTML
Completed 500 Internal Server Error in 22ms (ActiveRecord: 0.5ms)


  
NoMethodError (undefined method `has_attatched_file' for #<Class:0x007f9769ef5bc0>
Did you mean?  has_attached_file):
  
app/models/post.rb:2:in `<class:Post>'
app/models/post.rb:1:in `<top (required)>'
app/controllers/posts_controller.rb:3:in `new'
  Rendering /Users/elisecassella/.rvm/gems/ruby-2.4.0@global/gems/actionpack-5.0.1/lib/action_dispatch/middleware/templates/rescues/diagnostics.html.erb within rescues/layout
  Rendering /Users/elisecassella/.rvm/gems/ruby-2.4.0@global/gems/actionpack-5.0.1/lib/action_dispatch/middleware/templates/rescues/_source.html.erb
  Rendered /Users/elisecassella/.rvm/gems/ruby-2.4.0@global/gems/actionpack-5.0.1/lib/action_dispatch/middleware/templates/rescues/_source.html.erb (4.1ms)
  Rendering /Users/elisecassella/.rvm/gems/ruby-2.4.0@global/gems/actionpack-5.0.1/lib/action_dispatch/middleware/templates/rescues/_trace.html.erb
  Rendered /Users/elisecassella/.rvm/gems/ruby-2.4.0@global/gems/actionpack-5.0.1/lib/action_dispatch/middleware/templates/rescues/_trace.html.erb (1.6ms)
  Rendering /Users/elisecassella/.rvm/gems/ruby-2.4.0@global/gems/actionpack-5.0.1/lib/action_dispatch/middleware/templates/rescues/_request_and_response.html.erb
  Rendered /Users/elisecassella/.rvm/gems/ruby-2.4.0@global/gems/actionpack-5.0.1/lib/action_dispatch/middleware/templates/rescues/_request_and_response.html.erb (0.7ms)
  Rendered /Users/elisecassella/.rvm/gems/ruby-2.4.0@global/gems/actionpack-5.0.1/lib/action_dispatch/middleware/templates/rescues/diagnostics.html.erb within rescues/layout (68.0ms)
Started GET "/posts/new" for 127.0.0.1 at 2017-02-06 22:25:08 -0800
Processing by PostsController#new as HTML
  Rendering posts/new.html.erb within layouts/application
  Rendered posts/new.html.erb within layouts/application (23.0ms)
Completed 200 OK in 78ms (Views: 63.7ms | ActiveRecord: 1.0ms)


Started GET "/posts/new" for 127.0.0.1 at 2017-02-06 22:34:06 -0800
  
SyntaxError (/Users/elisecassella/cs121/workspace/instagram_app/app/controllers/posts_controller.rb:26: syntax error, unexpected end-of-input, expecting keyword_end):
  
app/controllers/posts_controller.rb:26: syntax error, unexpected end-of-input, expecting keyword_end
  Rendering /Users/elisecassella/.rvm/gems/ruby-2.4.0@global/gems/actionpack-5.0.1/lib/action_dispatch/middleware/templates/rescues/diagnostics.html.erb within rescues/layout
  Rendering /Users/elisecassella/.rvm/gems/ruby-2.4.0@global/gems/actionpack-5.0.1/lib/action_dispatch/middleware/templates/rescues/_source.html.erb
  Rendered /Users/elisecassella/.rvm/gems/ruby-2.4.0@global/gems/actionpack-5.0.1/lib/action_dispatch/middleware/templates/rescues/_source.html.erb (3.5ms)
  Rendering /Users/elisecassella/.rvm/gems/ruby-2.4.0@global/gems/actionpack-5.0.1/lib/action_dispatch/middleware/templates/rescues/_trace.html.erb
  Rendered /Users/elisecassella/.rvm/gems/ruby-2.4.0@global/gems/actionpack-5.0.1/lib/action_dispatch/middleware/templates/rescues/_trace.html.erb (2.7ms)
  Rendering /Users/elisecassella/.rvm/gems/ruby-2.4.0@global/gems/actionpack-5.0.1/lib/action_dispatch/middleware/templates/rescues/_request_and_response.html.erb
  Rendered /Users/elisecassella/.rvm/gems/ruby-2.4.0@global/gems/actionpack-5.0.1/lib/action_dispatch/middleware/templates/rescues/_request_and_response.html.erb (1.2ms)
  Rendered /Users/elisecassella/.rvm/gems/ruby-2.4.0@global/gems/actionpack-5.0.1/lib/action_dispatch/middleware/templates/rescues/diagnostics.html.erb within rescues/layout (71.8ms)
Started GET "/posts/new" for 127.0.0.1 at 2017-02-06 22:34:53 -0800
Processing by PostsController#new as HTML
  Rendering posts/new.html.erb within layouts/application
  Rendered posts/new.html.erb within layouts/application (1.9ms)
Completed 200 OK in 67ms (Views: 52.1ms | ActiveRecord: 0.6ms)


Started POST "/posts" for 127.0.0.1 at 2017-02-06 22:35:17 -0800
Processing by PostsController#create as HTML
  Parameters: {"utf8"=>"✓", "authenticity_token"=>"8pQp2trfOfLJORjOdPU5H0Jve5lwQKwi/JVSd2F20zcZFszGZNFdK2pMg2ozimGT5j/bAO2jLmCEOFwUtEB0NQ==", "post"=>{"image"=>#<ActionDispatch::Http::UploadedFile:0x007f9763ed9a98 @tempfile=#<Tempfile:/var/folders/m6/_ldbt2cs5n71fnngy69_f2hh0000gn/T/RackMultipart20170206-71876-1bkolym.jpg>, @original_filename="maxresdefault.jpg", @content_type="image/jpeg", @headers="Content-Disposition: form-data; name=\"post[image]\"; filename=\"maxresdefault.jpg\"\r\nContent-Type: image/jpeg\r\n">, "description"=>"lkn"}, "commit"=>"Create Post"}
Command :: identify -format '%wx%h,%[exif:orientation]' '/var/folders/m6/_ldbt2cs5n71fnngy69_f2hh0000gn/T/a43683d33b40f413228d54e3c6ed4a2f20170206-71876-1r4iqke.jpg[0]' 2>/dev/null
Completed 500 Internal Server Error in 21ms (ActiveRecord: 0.0ms)


  
Paperclip::Errors::CommandNotFoundError (Could not run the `identify` command. Please install ImageMagick.):
  
app/controllers/posts_controller.rb:13:in `create'
  Rendering /Users/elisecassella/.rvm/gems/ruby-2.4.0@global/gems/actionpack-5.0.1/lib/action_dispatch/middleware/templates/rescues/diagnostics.html.erb within rescues/layout
  Rendering /Users/elisecassella/.rvm/gems/ruby-2.4.0@global/gems/actionpack-5.0.1/lib/action_dispatch/middleware/templates/rescues/_source.html.erb
  Rendered /Users/elisecassella/.rvm/gems/ruby-2.4.0@global/gems/actionpack-5.0.1/lib/action_dispatch/middleware/templates/rescues/_source.html.erb (5.4ms)
  Rendering /Users/elisecassella/.rvm/gems/ruby-2.4.0@global/gems/actionpack-5.0.1/lib/action_dispatch/middleware/templates/rescues/_trace.html.erb
  Rendered /Users/elisecassella/.rvm/gems/ruby-2.4.0@global/gems/actionpack-5.0.1/lib/action_dispatch/middleware/templates/rescues/_trace.html.erb (2.2ms)
  Rendering /Users/elisecassella/.rvm/gems/ruby-2.4.0@global/gems/actionpack-5.0.1/lib/action_dispatch/middleware/templates/rescues/_request_and_response.html.erb
  Rendered /Users/elisecassella/.rvm/gems/ruby-2.4.0@global/gems/actionpack-5.0.1/lib/action_dispatch/middleware/templates/rescues/_request_and_response.html.erb (1.3ms)
  Rendered /Users/elisecassella/.rvm/gems/ruby-2.4.0@global/gems/actionpack-5.0.1/lib/action_dispatch/middleware/templates/rescues/diagnostics.html.erb within rescues/layout (72.7ms)
Started GET "/posts" for 127.0.0.1 at 2017-02-06 22:37:30 -0800
Processing by PostsController#index as HTML
  Rendering posts/index.html.erb within layouts/application
  Rendered posts/index.html.erb within layouts/application (0.4ms)
Completed 200 OK in 72ms (Views: 68.3ms | ActiveRecord: 0.0ms)


Started GET "/posts/new" for 127.0.0.1 at 2017-02-06 22:37:32 -0800
Processing by PostsController#new as HTML
  Rendering posts/new.html.erb within layouts/application
  Rendered posts/new.html.erb within layouts/application (1.7ms)
Completed 200 OK in 47ms (Views: 44.4ms | ActiveRecord: 0.0ms)


Started POST "/posts" for 127.0.0.1 at 2017-02-06 22:37:41 -0800
Processing by PostsController#create as HTML
  Parameters: {"utf8"=>"✓", "authenticity_token"=>"iOpfVpTSxGCDJTEfkPErAqrG2zeDUMlauhgoHxd4UXS19jeePIRQhmzmPA6u4ZUn+B26d7G3YyTMtzXX39aaFA==", "post"=>{"image"=>#<ActionDispatch::Http::UploadedFile:0x007f9763f23850 @tempfile=#<Tempfile:/var/folders/m6/_ldbt2cs5n71fnngy69_f2hh0000gn/T/RackMultipart20170206-71876-1f4mhgl.jpg>, @original_filename="maxresdefault.jpg", @content_type="image/jpeg", @headers="Content-Disposition: form-data; name=\"post[image]\"; filename=\"maxresdefault.jpg\"\r\nContent-Type: image/jpeg\r\n">, "description"=>"lkn"}, "commit"=>"Create Post"}
Command :: identify -format '%wx%h,%[exif:orientation]' '/var/folders/m6/_ldbt2cs5n71fnngy69_f2hh0000gn/T/a43683d33b40f413228d54e3c6ed4a2f20170206-71876-1epgo2c.jpg[0]' 2>/dev/null
Completed 500 Internal Server Error in 13ms (ActiveRecord: 0.0ms)


  
Paperclip::Errors::CommandNotFoundError (Could not run the `identify` command. Please install ImageMagick.):
  
app/controllers/posts_controller.rb:13:in `create'
  Rendering /Users/elisecassella/.rvm/gems/ruby-2.4.0@global/gems/actionpack-5.0.1/lib/action_dispatch/middleware/templates/rescues/diagnostics.html.erb within rescues/layout
  Rendering /Users/elisecassella/.rvm/gems/ruby-2.4.0@global/gems/actionpack-5.0.1/lib/action_dispatch/middleware/templates/rescues/_source.html.erb
  Rendered /Users/elisecassella/.rvm/gems/ruby-2.4.0@global/gems/actionpack-5.0.1/lib/action_dispatch/middleware/templates/rescues/_source.html.erb (4.8ms)
  Rendering /Users/elisecassella/.rvm/gems/ruby-2.4.0@global/gems/actionpack-5.0.1/lib/action_dispatch/middleware/templates/rescues/_trace.html.erb
  Rendered /Users/elisecassella/.rvm/gems/ruby-2.4.0@global/gems/actionpack-5.0.1/lib/action_dispatch/middleware/templates/rescues/_trace.html.erb (2.3ms)
  Rendering /Users/elisecassella/.rvm/gems/ruby-2.4.0@global/gems/actionpack-5.0.1/lib/action_dispatch/middleware/templates/rescues/_request_and_response.html.erb
  Rendered /Users/elisecassella/.rvm/gems/ruby-2.4.0@global/gems/actionpack-5.0.1/lib/action_dispatch/middleware/templates/rescues/_request_and_response.html.erb (1.2ms)
  Rendered /Users/elisecassella/.rvm/gems/ruby-2.4.0@global/gems/actionpack-5.0.1/lib/action_dispatch/middleware/templates/rescues/diagnostics.html.erb within rescues/layout (75.7ms)
Started GET "/posts" for 127.0.0.1 at 2017-02-06 23:04:58 -0800
  [1m[36mActiveRecord::SchemaMigration Load (0.6ms)[0m  [1m[34mSELECT "schema_migrations".* FROM "schema_migrations"[0m
Processing by PostsController#index as HTML
  Rendering posts/index.html.erb within layouts/application
  Rendered posts/index.html.erb within layouts/application (1.3ms)
Completed 200 OK in 393ms (Views: 381.0ms | ActiveRecord: 0.0ms)


Started GET "/posts/new" for 127.0.0.1 at 2017-02-06 23:05:01 -0800
Processing by PostsController#new as HTML
  Rendering posts/new.html.erb within layouts/application
  Rendered posts/new.html.erb within layouts/application (25.7ms)
Completed 200 OK in 80ms (Views: 61.3ms | ActiveRecord: 0.5ms)


Started POST "/posts" for 127.0.0.1 at 2017-02-06 23:05:12 -0800
Processing by PostsController#create as HTML
  Parameters: {"utf8"=>"✓", "authenticity_token"=>"KVkop13Z4RdDiOCvCHy8ITkJtM51hJrfafVejZQ13HcURUBv9Y918axL7b42bAIEa9LVjkdjMKEfWkNFXJsXFw==", "post"=>{"image"=>#<ActionDispatch::Http::UploadedFile:0x007fa73dc515e8 @tempfile=#<Tempfile:/var/folders/m6/_ldbt2cs5n71fnngy69_f2hh0000gn/T/RackMultipart20170206-73118-18jee9o.jpg>, @original_filename="maxresdefault.jpg", @content_type="image/jpeg", @headers="Content-Disposition: form-data; name=\"post[image]\"; filename=\"maxresdefault.jpg\"\r\nContent-Type: image/jpeg\r\n">, "description"=>"lkn"}, "commit"=>"Create Post"}
Command :: identify -format '%wx%h,%[exif:orientation]' '/var/folders/m6/_ldbt2cs5n71fnngy69_f2hh0000gn/T/a43683d33b40f413228d54e3c6ed4a2f20170206-73118-1l3z7w6.jpg[0]' 2>/dev/null
Completed 500 Internal Server Error in 19ms (ActiveRecord: 0.0ms)


  
Paperclip::Errors::CommandNotFoundError (Could not run the `identify` command. Please install ImageMagick.):
  
app/controllers/posts_controller.rb:13:in `create'
  Rendering /Users/elisecassella/.rvm/gems/ruby-2.4.0@global/gems/actionpack-5.0.1/lib/action_dispatch/middleware/templates/rescues/diagnostics.html.erb within rescues/layout
  Rendering /Users/elisecassella/.rvm/gems/ruby-2.4.0@global/gems/actionpack-5.0.1/lib/action_dispatch/middleware/templates/rescues/_source.html.erb
  Rendered /Users/elisecassella/.rvm/gems/ruby-2.4.0@global/gems/actionpack-5.0.1/lib/action_dispatch/middleware/templates/rescues/_source.html.erb (5.2ms)
  Rendering /Users/elisecassella/.rvm/gems/ruby-2.4.0@global/gems/actionpack-5.0.1/lib/action_dispatch/middleware/templates/rescues/_trace.html.erb
  Rendered /Users/elisecassella/.rvm/gems/ruby-2.4.0@global/gems/actionpack-5.0.1/lib/action_dispatch/middleware/templates/rescues/_trace.html.erb (1.9ms)
  Rendering /Users/elisecassella/.rvm/gems/ruby-2.4.0@global/gems/actionpack-5.0.1/lib/action_dispatch/middleware/templates/rescues/_request_and_response.html.erb
  Rendered /Users/elisecassella/.rvm/gems/ruby-2.4.0@global/gems/actionpack-5.0.1/lib/action_dispatch/middleware/templates/rescues/_request_and_response.html.erb (1.2ms)
  Rendered /Users/elisecassella/.rvm/gems/ruby-2.4.0@global/gems/actionpack-5.0.1/lib/action_dispatch/middleware/templates/rescues/diagnostics.html.erb within rescues/layout (79.6ms)
Started GET "/posts" for 127.0.0.1 at 2017-02-08 14:41:30 -0800
  [1m[36mActiveRecord::SchemaMigration Load (0.4ms)[0m  [1m[34mSELECT "schema_migrations".* FROM "schema_migrations"[0m
Processing by PostsController#index as HTML
  Rendering posts/index.html.erb within layouts/application
  Rendered posts/index.html.erb within layouts/application (1.5ms)
Completed 200 OK in 381ms (Views: 370.3ms | ActiveRecord: 0.0ms)


Started GET "/posts/new" for 127.0.0.1 at 2017-02-08 14:41:32 -0800
Processing by PostsController#new as HTML
  Rendering posts/new.html.erb within layouts/application
  Rendered posts/new.html.erb within layouts/application (25.0ms)
Completed 200 OK in 81ms (Views: 63.2ms | ActiveRecord: 0.5ms)


Started POST "/posts" for 127.0.0.1 at 2017-02-08 14:41:46 -0800
Processing by PostsController#create as HTML
  Parameters: {"utf8"=>"✓", "authenticity_token"=>"RDHLVObtb/ZviP52xY9//NmZzGyi/ZMpf1/iVlMjiTJ5LaOcTrv7EIBL82f7n8HZi0KtLJAaOVcJ8P+em41CUg==", "post"=>{"image"=>#<ActionDispatch::Http::UploadedFile:0x007ffc757a5610 @tempfile=#<Tempfile:/var/folders/m6/_ldbt2cs5n71fnngy69_f2hh0000gn/T/RackMultipart20170208-77393-1q8kw6i.jpg>, @original_filename="maxresdefault.jpg", @content_type="image/jpeg", @headers="Content-Disposition: form-data; name=\"post[image]\"; filename=\"maxresdefault.jpg\"\r\nContent-Type: image/jpeg\r\n">, "description"=>"lkn"}, "commit"=>"Create Post"}
Command :: identify -format '%wx%h,%[exif:orientation]' '/var/folders/m6/_ldbt2cs5n71fnngy69_f2hh0000gn/T/a43683d33b40f413228d54e3c6ed4a2f20170208-77393-15232bm.jpg[0]' 2>/dev/null
Command :: identify -format %m '/var/folders/m6/_ldbt2cs5n71fnngy69_f2hh0000gn/T/a43683d33b40f413228d54e3c6ed4a2f20170208-77393-15232bm.jpg[0]'
Command :: convert '/var/folders/m6/_ldbt2cs5n71fnngy69_f2hh0000gn/T/a43683d33b40f413228d54e3c6ed4a2f20170208-77393-15232bm.jpg[0]' -auto-orient -resize "500x500>" '/var/folders/m6/_ldbt2cs5n71fnngy69_f2hh0000gn/T/8746b2697d5b71a4d03aaa4d97d46f2820170208-77393-fa7zvk'
Command :: identify -format '%wx%h,%[exif:orientation]' '/var/folders/m6/_ldbt2cs5n71fnngy69_f2hh0000gn/T/a43683d33b40f413228d54e3c6ed4a2f20170208-77393-15232bm.jpg[0]' 2>/dev/null
Command :: identify -format %m '/var/folders/m6/_ldbt2cs5n71fnngy69_f2hh0000gn/T/a43683d33b40f413228d54e3c6ed4a2f20170208-77393-15232bm.jpg[0]'
Command :: convert '/var/folders/m6/_ldbt2cs5n71fnngy69_f2hh0000gn/T/a43683d33b40f413228d54e3c6ed4a2f20170208-77393-15232bm.jpg[0]' -auto-orient -resize "100x100>" '/var/folders/m6/_ldbt2cs5n71fnngy69_f2hh0000gn/T/8746b2697d5b71a4d03aaa4d97d46f2820170208-77393-1cjrage'
  [1m[35m (0.1ms)[0m  [1m[36mbegin transaction[0m
Command :: file -b --mime '/var/folders/m6/_ldbt2cs5n71fnngy69_f2hh0000gn/T/a43683d33b40f413228d54e3c6ed4a2f20170208-77393-vn19to.jpg'
  [1m[35mSQL (0.9ms)[0m  [1m[32mINSERT INTO "posts" ("description", "created_at", "updated_at", "image_file_name", "image_content_type", "image_file_size", "image_updated_at") VALUES (?, ?, ?, ?, ?, ?, ?)[0m  [["description", "lkn"], ["created_at", 2017-02-08 22:41:46 UTC], ["updated_at", 2017-02-08 22:41:46 UTC], ["image_file_name", "maxresdefault.jpg"], ["image_content_type", "image/jpeg"], ["image_file_size", 42731], ["image_updated_at", 2017-02-08 22:41:46 UTC]]
  [1m[35m (0.8ms)[0m  [1m[36mcommit transaction[0m
Redirected to http://localhost:3000/posts/1
Completed 302 Found in 294ms (ActiveRecord: 1.7ms)


Started GET "/posts/1" for 127.0.0.1 at 2017-02-08 14:41:46 -0800
Processing by PostsController#show as HTML
  Parameters: {"id"=>"1"}
  Rendering posts/show.html.erb within layouts/application
  Rendered posts/show.html.erb within layouts/application (0.5ms)
Completed 200 OK in 74ms (Views: 72.2ms | ActiveRecord: 0.0ms)


Started GET "/" for 127.0.0.1 at 2017-02-08 16:15:53 -0800
  [1m[36mActiveRecord::SchemaMigration Load (0.2ms)[0m  [1m[34mSELECT "schema_migrations".* FROM "schema_migrations"[0m
Processing by PostsController#index as HTML
  Rendering posts/index.html.erb within layouts/application
  Rendered posts/index.html.erb within layouts/application (1.5ms)
Completed 200 OK in 321ms (Views: 308.8ms | ActiveRecord: 0.0ms)


Started GET "/posts/new" for 127.0.0.1 at 2017-02-08 16:15:55 -0800
Processing by PostsController#new as HTML
  Rendering posts/new.html.erb within layouts/application
  Rendered posts/new.html.erb within layouts/application (21.5ms)
Completed 200 OK in 75ms (Views: 57.6ms | ActiveRecord: 0.6ms)


Started POST "/posts" for 127.0.0.1 at 2017-02-08 16:16:04 -0800
Processing by PostsController#create as HTML
  Parameters: {"utf8"=>"✓", "authenticity_token"=>"QffL0jbMNtMdxWn9YCv0NIeSIDQOQIeJ2ITfnqDS53J866ManpqiNfIGZOxeO0oR1UlBdDynLfeuK8JWaHwsEg==", "post"=>{"image"=>#<ActionDispatch::Http::UploadedFile:0x007f9f7f602608 @tempfile=#<Tempfile:/var/folders/m6/_ldbt2cs5n71fnngy69_f2hh0000gn/T/RackMultipart20170208-78593-1hyjqe5.jpg>, @original_filename="maxresdefault.jpg", @content_type="image/jpeg", @headers="Content-Disposition: form-data; name=\"post[image]\"; filename=\"maxresdefault.jpg\"\r\nContent-Type: image/jpeg\r\n">, "description"=>"kj"}, "commit"=>"Create Post"}
Command :: identify -format '%wx%h,%[exif:orientation]' '/var/folders/m6/_ldbt2cs5n71fnngy69_f2hh0000gn/T/a43683d33b40f413228d54e3c6ed4a2f20170208-78593-13nkz7s.jpg[0]' 2>/dev/null
Command :: identify -format %m '/var/folders/m6/_ldbt2cs5n71fnngy69_f2hh0000gn/T/a43683d33b40f413228d54e3c6ed4a2f20170208-78593-13nkz7s.jpg[0]'
Command :: convert '/var/folders/m6/_ldbt2cs5n71fnngy69_f2hh0000gn/T/a43683d33b40f413228d54e3c6ed4a2f20170208-78593-13nkz7s.jpg[0]' -auto-orient -resize "500x500>" '/var/folders/m6/_ldbt2cs5n71fnngy69_f2hh0000gn/T/2fc4dabe554720ee3f3f2eff8b611e7320170208-78593-1no9091'
Command :: identify -format '%wx%h,%[exif:orientation]' '/var/folders/m6/_ldbt2cs5n71fnngy69_f2hh0000gn/T/a43683d33b40f413228d54e3c6ed4a2f20170208-78593-13nkz7s.jpg[0]' 2>/dev/null
Command :: identify -format %m '/var/folders/m6/_ldbt2cs5n71fnngy69_f2hh0000gn/T/a43683d33b40f413228d54e3c6ed4a2f20170208-78593-13nkz7s.jpg[0]'
Command :: convert '/var/folders/m6/_ldbt2cs5n71fnngy69_f2hh0000gn/T/a43683d33b40f413228d54e3c6ed4a2f20170208-78593-13nkz7s.jpg[0]' -auto-orient -resize "100x100>" '/var/folders/m6/_ldbt2cs5n71fnngy69_f2hh0000gn/T/2fc4dabe554720ee3f3f2eff8b611e7320170208-78593-1sk5jq9'
  [1m[35m (0.1ms)[0m  [1m[36mbegin transaction[0m
Command :: file -b --mime '/var/folders/m6/_ldbt2cs5n71fnngy69_f2hh0000gn/T/a43683d33b40f413228d54e3c6ed4a2f20170208-78593-5zujpc.jpg'
  [1m[35mSQL (0.5ms)[0m  [1m[32mINSERT INTO "posts" ("description", "created_at", "updated_at", "image_file_name", "image_content_type", "image_file_size", "image_updated_at") VALUES (?, ?, ?, ?, ?, ?, ?)[0m  [["description", "kj"], ["created_at", 2017-02-09 00:16:04 UTC], ["updated_at", 2017-02-09 00:16:04 UTC], ["image_file_name", "maxresdefault.jpg"], ["image_content_type", "image/jpeg"], ["image_file_size", 42731], ["image_updated_at", 2017-02-09 00:16:04 UTC]]
  [1m[35m (0.6ms)[0m  [1m[36mcommit transaction[0m
Redirected to http://localhost:3000/posts/2
Completed 302 Found in 315ms (ActiveRecord: 1.2ms)


Started GET "/posts/2" for 127.0.0.1 at 2017-02-08 16:16:05 -0800
Processing by PostsController#show as HTML
  Parameters: {"id"=>"2"}
  [1m[36mPost Load (0.3ms)[0m  [1m[34mSELECT  "posts".* FROM "posts" WHERE "posts"."id" = ? LIMIT ?[0m  [["id", 2], ["LIMIT", 1]]
  Rendering posts/show.html.erb within layouts/application
  Rendered posts/show.html.erb within layouts/application (1.0ms)
Completed 200 OK in 80ms (Views: 73.3ms | ActiveRecord: 0.3ms)


Started GET "/posts/2" for 127.0.0.1 at 2017-02-08 16:16:37 -0800
Processing by PostsController#show as HTML
  Parameters: {"id"=>"2"}
  [1m[36mPost Load (0.1ms)[0m  [1m[34mSELECT  "posts".* FROM "posts" WHERE "posts"."id" = ? LIMIT ?[0m  [["id", 2], ["LIMIT", 1]]
  Rendering posts/show.html.erb within layouts/application
  Rendered posts/show.html.erb within layouts/application (0.8ms)
Completed 200 OK in 48ms (Views: 45.8ms | ActiveRecord: 0.1ms)


Started GET "/posts/2" for 127.0.0.1 at 2017-02-08 16:23:06 -0800
Processing by PostsController#show as HTML
  Parameters: {"id"=>"2"}
  [1m[36mPost Load (0.1ms)[0m  [1m[34mSELECT  "posts".* FROM "posts" WHERE "posts"."id" = ? LIMIT ?[0m  [["id", 2], ["LIMIT", 1]]
  Rendering posts/show.html.erb within layouts/application
  Rendered posts/show.html.erb within layouts/application (0.9ms)
Completed 200 OK in 55ms (Views: 40.0ms | ActiveRecord: 0.8ms)


Started GET "/posts/new" for 127.0.0.1 at 2017-02-08 16:23:09 -0800
Processing by PostsController#new as HTML
  Rendering posts/new.html.erb within layouts/application
  Rendered posts/new.html.erb within layouts/application (3.1ms)
Completed 200 OK in 48ms (Views: 45.4ms | ActiveRecord: 0.0ms)


Started POST "/posts" for 127.0.0.1 at 2017-02-08 16:23:21 -0800
Processing by PostsController#create as HTML
  Parameters: {"utf8"=>"✓", "authenticity_token"=>"j11NcksU91GvRDYifgrPrxMGZ309OH8T+JKCb1lc2tayQSW640Jjt0CHOzNAGnGKQd0GPQ/f1W2OPZ+nkfIRtg==", "post"=>{"image"=>#<ActionDispatch::Http::UploadedFile:0x007f9f8037c8b0 @tempfile=#<Tempfile:/var/folders/m6/_ldbt2cs5n71fnngy69_f2hh0000gn/T/RackMultipart20170208-78593-jqwdhx.gif>, @original_filename="logo.gif", @content_type="image/gif", @headers="Content-Disposition: form-data; name=\"post[image]\"; filename=\"logo.gif\"\r\nContent-Type: image/gif\r\n">, "description"=>"ljkjbjkb"}, "commit"=>"Create Post"}
Command :: identify -format '%wx%h,%[exif:orientation]' '/var/folders/m6/_ldbt2cs5n71fnngy69_f2hh0000gn/T/96d6f2e7e1f705ab5e59c84a6dc009b220170208-78593-16shr5a.gif[0]' 2>/dev/null
Command :: identify -format %m '/var/folders/m6/_ldbt2cs5n71fnngy69_f2hh0000gn/T/96d6f2e7e1f705ab5e59c84a6dc009b220170208-78593-16shr5a.gif[0]'
Command :: convert '/var/folders/m6/_ldbt2cs5n71fnngy69_f2hh0000gn/T/96d6f2e7e1f705ab5e59c84a6dc009b220170208-78593-16shr5a.gif' -coalesce -auto-orient -resize "500x500>" -layers "optimize" '/var/folders/m6/_ldbt2cs5n71fnngy69_f2hh0000gn/T/91dee703fccf0212b65582a8d043e81e20170208-78593-s67dzb'
Command :: identify -format '%wx%h,%[exif:orientation]' '/var/folders/m6/_ldbt2cs5n71fnngy69_f2hh0000gn/T/96d6f2e7e1f705ab5e59c84a6dc009b220170208-78593-16shr5a.gif[0]' 2>/dev/null
Command :: identify -format %m '/var/folders/m6/_ldbt2cs5n71fnngy69_f2hh0000gn/T/96d6f2e7e1f705ab5e59c84a6dc009b220170208-78593-16shr5a.gif[0]'
Command :: convert '/var/folders/m6/_ldbt2cs5n71fnngy69_f2hh0000gn/T/96d6f2e7e1f705ab5e59c84a6dc009b220170208-78593-16shr5a.gif' -coalesce -auto-orient -resize "100x100>" -layers "optimize" '/var/folders/m6/_ldbt2cs5n71fnngy69_f2hh0000gn/T/91dee703fccf0212b65582a8d043e81e20170208-78593-1m5zps8'
  [1m[35m (0.1ms)[0m  [1m[36mbegin transaction[0m
Command :: file -b --mime '/var/folders/m6/_ldbt2cs5n71fnngy69_f2hh0000gn/T/96d6f2e7e1f705ab5e59c84a6dc009b220170208-78593-mexmyg.gif'
  [1m[35mSQL (0.4ms)[0m  [1m[32mINSERT INTO "posts" ("description", "created_at", "updated_at", "image_file_name", "image_content_type", "image_file_size", "image_updated_at") VALUES (?, ?, ?, ?, ?, ?, ?)[0m  [["description", "ljkjbjkb"], ["created_at", 2017-02-09 00:23:21 UTC], ["updated_at", 2017-02-09 00:23:21 UTC], ["image_file_name", "logo.gif"], ["image_content_type", "image/gif"], ["image_file_size", 28576], ["image_updated_at", 2017-02-09 00:23:21 UTC]]
  [1m[35m (0.8ms)[0m  [1m[36mcommit transaction[0m
Redirected to http://localhost:3000/posts/3
Completed 302 Found in 293ms (ActiveRecord: 1.3ms)


Started GET "/posts/3" for 127.0.0.1 at 2017-02-08 16:23:21 -0800
Processing by PostsController#show as HTML
  Parameters: {"id"=>"3"}
  [1m[36mPost Load (0.1ms)[0m  [1m[34mSELECT  "posts".* FROM "posts" WHERE "posts"."id" = ? LIMIT ?[0m  [["id", 3], ["LIMIT", 1]]
  Rendering posts/show.html.erb within layouts/application
  Rendered posts/show.html.erb within layouts/application (1.1ms)
Completed 200 OK in 55ms (Views: 52.4ms | ActiveRecord: 0.1ms)


Started GET "/" for 127.0.0.1 at 2017-02-08 16:23:23 -0800
Processing by PostsController#index as HTML
  Rendering posts/index.html.erb within layouts/application
  [1m[36mPost Load (0.5ms)[0m  [1m[34mSELECT "posts".* FROM "posts"[0m
  Rendered posts/index.html.erb within layouts/application (3.9ms)
Completed 200 OK in 48ms (Views: 44.5ms | ActiveRecord: 0.5ms)


Started GET "/" for 127.0.0.1 at 2017-02-08 19:18:56 -0800
  [1m[36mActiveRecord::SchemaMigration Load (0.1ms)[0m  [1m[34mSELECT "schema_migrations".* FROM "schema_migrations"[0m
Processing by PostsController#index as HTML
  Rendering posts/index.html.erb within layouts/application
  [1m[36mPost Load (0.1ms)[0m  [1m[34mSELECT "posts".* FROM "posts"[0m
  Rendered posts/index.html.erb within layouts/application (11.4ms)
Completed 200 OK in 342ms (Views: 323.4ms | ActiveRecord: 0.6ms)


